  pch.cpp
  dllmain.cpp
  NiflyWrapper.cpp
  NiflyFunctions.cpp
  TestDLL.cpp
nifly.lib(NifFile.cpp.obj) : error LNK2038: mismatch detected for '_ITERATOR_DEBUG_LEVEL': value '2' doesn't match value '0' in NiflyWrapper.obj
nifly.lib(NifFile.cpp.obj) : error LNK2038: mismatch detected for 'RuntimeLibrary': value 'MDd_DynamicDebug' doesn't match value 'MD_DynamicRelease' in NiflyWrapper.obj
nifly.lib(BasicTypes.cpp.obj) : error LNK2038: mismatch detected for '_ITERATOR_DEBUG_LEVEL': value '2' doesn't match value '0' in NiflyWrapper.obj
nifly.lib(BasicTypes.cpp.obj) : error LNK2038: mismatch detected for 'RuntimeLibrary': value 'MDd_DynamicDebug' doesn't match value 'MD_DynamicRelease' in NiflyWrapper.obj
nifly.lib(Shaders.cpp.obj) : error LNK2038: mismatch detected for '_ITERATOR_DEBUG_LEVEL': value '2' doesn't match value '0' in NiflyWrapper.obj
nifly.lib(Shaders.cpp.obj) : error LNK2038: mismatch detected for 'RuntimeLibrary': value 'MDd_DynamicDebug' doesn't match value 'MD_DynamicRelease' in NiflyWrapper.obj
nifly.lib(Geometry.cpp.obj) : error LNK2038: mismatch detected for '_ITERATOR_DEBUG_LEVEL': value '2' doesn't match value '0' in NiflyWrapper.obj
nifly.lib(Geometry.cpp.obj) : error LNK2038: mismatch detected for 'RuntimeLibrary': value 'MDd_DynamicDebug' doesn't match value 'MD_DynamicRelease' in NiflyWrapper.obj
nifly.lib(Object3d.cpp.obj) : error LNK2038: mismatch detected for '_ITERATOR_DEBUG_LEVEL': value '2' doesn't match value '0' in NiflyWrapper.obj
nifly.lib(Object3d.cpp.obj) : error LNK2038: mismatch detected for 'RuntimeLibrary': value 'MDd_DynamicDebug' doesn't match value 'MD_DynamicRelease' in NiflyWrapper.obj
nifly.lib(Objects.cpp.obj) : error LNK2038: mismatch detected for '_ITERATOR_DEBUG_LEVEL': value '2' doesn't match value '0' in NiflyWrapper.obj
nifly.lib(Objects.cpp.obj) : error LNK2038: mismatch detected for 'RuntimeLibrary': value 'MDd_DynamicDebug' doesn't match value 'MD_DynamicRelease' in NiflyWrapper.obj
nifly.lib(Skin.cpp.obj) : error LNK2038: mismatch detected for '_ITERATOR_DEBUG_LEVEL': value '2' doesn't match value '0' in NiflyWrapper.obj
nifly.lib(Skin.cpp.obj) : error LNK2038: mismatch detected for 'RuntimeLibrary': value 'MDd_DynamicDebug' doesn't match value 'MD_DynamicRelease' in NiflyWrapper.obj
nifly.lib(Nodes.cpp.obj) : error LNK2038: mismatch detected for '_ITERATOR_DEBUG_LEVEL': value '2' doesn't match value '0' in NiflyWrapper.obj
nifly.lib(Nodes.cpp.obj) : error LNK2038: mismatch detected for 'RuntimeLibrary': value 'MDd_DynamicDebug' doesn't match value 'MD_DynamicRelease' in NiflyWrapper.obj
nifly.lib(Factory.cpp.obj) : error LNK2038: mismatch detected for '_ITERATOR_DEBUG_LEVEL': value '2' doesn't match value '0' in NiflyWrapper.obj
nifly.lib(Factory.cpp.obj) : error LNK2038: mismatch detected for 'RuntimeLibrary': value 'MDd_DynamicDebug' doesn't match value 'MD_DynamicRelease' in NiflyWrapper.obj
nifly.lib(ExtraData.cpp.obj) : error LNK2038: mismatch detected for '_ITERATOR_DEBUG_LEVEL': value '2' doesn't match value '0' in NiflyWrapper.obj
nifly.lib(ExtraData.cpp.obj) : error LNK2038: mismatch detected for 'RuntimeLibrary': value 'MDd_DynamicDebug' doesn't match value 'MD_DynamicRelease' in NiflyWrapper.obj
nifly.lib(Animation.cpp.obj) : error LNK2038: mismatch detected for '_ITERATOR_DEBUG_LEVEL': value '2' doesn't match value '0' in NiflyWrapper.obj
nifly.lib(Animation.cpp.obj) : error LNK2038: mismatch detected for 'RuntimeLibrary': value 'MDd_DynamicDebug' doesn't match value 'MD_DynamicRelease' in NiflyWrapper.obj
nifly.lib(Particles.cpp.obj) : error LNK2038: mismatch detected for '_ITERATOR_DEBUG_LEVEL': value '2' doesn't match value '0' in NiflyWrapper.obj
nifly.lib(Particles.cpp.obj) : error LNK2038: mismatch detected for 'RuntimeLibrary': value 'MDd_DynamicDebug' doesn't match value 'MD_DynamicRelease' in NiflyWrapper.obj
nifly.lib(bhk.cpp.obj) : error LNK2038: mismatch detected for '_ITERATOR_DEBUG_LEVEL': value '2' doesn't match value '0' in NiflyWrapper.obj
nifly.lib(bhk.cpp.obj) : error LNK2038: mismatch detected for 'RuntimeLibrary': value 'MDd_DynamicDebug' doesn't match value 'MD_DynamicRelease' in NiflyWrapper.obj
     Creating library D:\OneDrive\Dev\NiflyDLL\NiflyDLL\x64\Release\NiflyDLL.lib and object D:\OneDrive\Dev\NiflyDLL\NiflyDLL\x64\Release\NiflyDLL.exp
LINK : warning LNK4098: defaultlib 'MSVCRTD' conflicts with use of other libs; use /NODEFAULTLIB:library
nifly.lib(bhk.cpp.obj) : error LNK2001: unresolved external symbol __imp__invalid_parameter
nifly.lib(Factory.cpp.obj) : error LNK2001: unresolved external symbol __imp__invalid_parameter
nifly.lib(ExtraData.cpp.obj) : error LNK2001: unresolved external symbol __imp__invalid_parameter
nifly.lib(Animation.cpp.obj) : error LNK2001: unresolved external symbol __imp__invalid_parameter
nifly.lib(Particles.cpp.obj) : error LNK2001: unresolved external symbol __imp__invalid_parameter
nifly.lib(Object3d.cpp.obj) : error LNK2001: unresolved external symbol __imp__invalid_parameter
nifly.lib(Objects.cpp.obj) : error LNK2001: unresolved external symbol __imp__invalid_parameter
nifly.lib(Skin.cpp.obj) : error LNK2001: unresolved external symbol __imp__invalid_parameter
nifly.lib(Nodes.cpp.obj) : error LNK2001: unresolved external symbol __imp__invalid_parameter
nifly.lib(NifFile.cpp.obj) : error LNK2001: unresolved external symbol __imp__invalid_parameter
nifly.lib(BasicTypes.cpp.obj) : error LNK2001: unresolved external symbol __imp__invalid_parameter
nifly.lib(Shaders.cpp.obj) : error LNK2001: unresolved external symbol __imp__invalid_parameter
nifly.lib(Geometry.cpp.obj) : error LNK2001: unresolved external symbol __imp__invalid_parameter
nifly.lib(NifFile.cpp.obj) : error LNK2001: unresolved external symbol __imp__calloc_dbg
nifly.lib(BasicTypes.cpp.obj) : error LNK2001: unresolved external symbol __imp__calloc_dbg
nifly.lib(bhk.cpp.obj) : error LNK2001: unresolved external symbol __imp__CrtDbgReport
nifly.lib(Factory.cpp.obj) : error LNK2001: unresolved external symbol __imp__CrtDbgReport
nifly.lib(ExtraData.cpp.obj) : error LNK2001: unresolved external symbol __imp__CrtDbgReport
nifly.lib(Animation.cpp.obj) : error LNK2001: unresolved external symbol __imp__CrtDbgReport
nifly.lib(Particles.cpp.obj) : error LNK2001: unresolved external symbol __imp__CrtDbgReport
nifly.lib(Object3d.cpp.obj) : error LNK2001: unresolved external symbol __imp__CrtDbgReport
nifly.lib(Objects.cpp.obj) : error LNK2001: unresolved external symbol __imp__CrtDbgReport
nifly.lib(Skin.cpp.obj) : error LNK2001: unresolved external symbol __imp__CrtDbgReport
nifly.lib(Nodes.cpp.obj) : error LNK2001: unresolved external symbol __imp__CrtDbgReport
nifly.lib(NifFile.cpp.obj) : error LNK2001: unresolved external symbol __imp__CrtDbgReport
nifly.lib(BasicTypes.cpp.obj) : error LNK2001: unresolved external symbol __imp__CrtDbgReport
nifly.lib(Shaders.cpp.obj) : error LNK2001: unresolved external symbol __imp__CrtDbgReport
nifly.lib(Geometry.cpp.obj) : error LNK2001: unresolved external symbol __imp__CrtDbgReport
D:\OneDrive\Dev\NiflyDLL\NiflyDLL\x64\Release\NiflyDLL.dll : fatal error LNK1120: 3 unresolved externals
