  pch.cpp
  dllmain.cpp
  NiflyWrapper.cpp
  NiflyFunctions.cpp
  Generating Code...
     Creating library D:\OneDrive\Dev\PyNifly\NiflyDLL\x64\Debug\NiflyDLL.lib and object D:\OneDrive\Dev\PyNifly\NiflyDLL\x64\Debug\NiflyDLL.exp
  NiflyDLL.vcxproj -> D:\OneDrive\Dev\PyNifly\NiflyDLL\x64\Debug\NiflyDLL.dll
          1 file(s) copied.
          1 file(s) copied.
          1 file(s) copied.
          1 file(s) copied.
          1 file(s) copied.
          1 file(s) copied.
  
  7-Zip 18.06 (x64) : Copyright (c) 1999-2018 Igor Pavlov : 2018-12-30
  
  Open archive: D:\OneDrive\Dev\PyNifly\NiflyDLL\..\io_scene_nifly.zip
  --
  Path = D:\OneDrive\Dev\PyNifly\NiflyDLL\..\io_scene_nifly.zip
  Type = zip
  Physical Size = 10999279
  
  Scanning the drive:
  1 folder, 6 files, 97981791 bytes (94 MiB)
  
  Updating archive: D:\OneDrive\Dev\PyNifly\NiflyDLL\..\io_scene_nifly.zip
  
  Add new data to archive: 1 folder, 6 files, 97981791 bytes (94 MiB)
  
  
  Files read from disk: 6
  Archive size: 10999277 bytes (11 MiB)
  Everything is Ok
