d:\onedrive\dev\niflydll\niflydll\x64\debug\niflydll.pch
d:\onedrive\dev\niflydll\niflydll\x64\debug\vc142.pdb
d:\onedrive\dev\niflydll\niflydll\x64\debug\vc142.idb
d:\onedrive\dev\niflydll\niflydll\x64\debug\pch.obj
d:\onedrive\dev\niflydll\niflydll\x64\debug\niflyfunctions.obj
d:\onedrive\dev\niflydll\niflydll\x64\debug\niflywrapper.obj
d:\onedrive\dev\niflydll\niflydll\x64\debug\dllmain.obj
d:\onedrive\dev\niflydll\niflydll\x64\debug\niflydll.dll
d:\onedrive\dev\niflydll\niflydll\x64\debug\niflydll.ilk
d:\onedrive\dev\niflydll\niflydll\x64\debug\niflydll.pdb
d:\onedrive\dev\niflydll\niflydll\x64\debug\niflydll.lib
d:\onedrive\dev\niflydll\niflydll\x64\debug\niflydll.exp
d:\onedrive\dev\niflydll\niflydll\x64\debug\niflydll.res
d:\onedrive\dev\niflydll\niflydll\x64\debug\niflydll.tlog\cl.command.1.tlog
d:\onedrive\dev\niflydll\niflydll\x64\debug\niflydll.tlog\cl.read.1.tlog
d:\onedrive\dev\niflydll\niflydll\x64\debug\niflydll.tlog\cl.write.1.tlog
d:\onedrive\dev\niflydll\niflydll\x64\debug\niflydll.tlog\link.command.1.tlog
d:\onedrive\dev\niflydll\niflydll\x64\debug\niflydll.tlog\link.read.1.tlog
d:\onedrive\dev\niflydll\niflydll\x64\debug\niflydll.tlog\link.write.1.tlog
d:\onedrive\dev\niflydll\niflydll\x64\debug\niflydll.tlog\niflydll.write.1u.tlog
d:\onedrive\dev\niflydll\niflydll\x64\debug\niflydll.tlog\rc.command.1.tlog
d:\onedrive\dev\niflydll\niflydll\x64\debug\niflydll.tlog\rc.read.1.tlog
d:\onedrive\dev\niflydll\niflydll\x64\debug\niflydll.tlog\rc.write.1.tlog
